02:30:08.742 Config: {
	"UseFrontend": false,
	"UseMatchmaker": false,
	"UseHTTPS": false,
	"UseAuthentication": false,
	"LogToFile": true,
	"LogVerbose": true,
	"HomepageFile": "player.html",
	"AdditionalRoutes": {},
	"EnableWebserver": true,
	"MatchmakerAddress": "",
	"MatchmakerPort": "9999",
	"PublicIp": "localhost",
	"HttpPort": 80,
	"HttpsPort": 443,
	"StreamerPort": 8888,
	"SFUPort": 8889,
	"MaxPlayerCount": -1,
	"publicIp": "176.237.205.65"
}
02:30:08.759 No peerConnectionConfig
02:30:08.761 Running Cirrus - The Pixel Streaming reference implementation signalling server for Unreal Engine 5.1.
02:30:08.768 WebSocket listening for Streamer connections on :8888
02:30:08.768 WebSocket listening for SFU connections on :8889
02:30:08.768 WebSocket listening for Players connections on :80
02:30:08.769 Http listening on *: 80
