14:59:46.147 Config: {
	"UseFrontend": false,
	"UseMatchmaker": false,
	"UseHTTPS": false,
	"UseAuthentication": false,
	"LogToFile": true,
	"LogVerbose": true,
	"HomepageFile": "player.html",
	"AdditionalRoutes": {},
	"EnableWebserver": true,
	"MatchmakerAddress": "",
	"MatchmakerPort": "9999",
	"PublicIp": "localhost",
	"HttpPort": 80,
	"HttpsPort": 443,
	"StreamerPort": 8888,
	"SFUPort": 8889,
	"MaxPlayerCount": -1,
	"publicIp": "95.173.239.93"
}
14:59:46.158 No peerConnectionConfig
14:59:46.161 Running Cirrus - The Pixel Streaming reference implementation signalling server for Unreal Engine 5.0.
14:59:46.165 WebSocket listening for Streamer connections on :8888
14:59:46.166 WebSocket listening for SFU connections on :8889
14:59:46.166 WebSocket listening for Players connections on :80
14:59:46.167 Http listening on *: 80
